<?xml version="1.0" encoding="UTF-8"?>
<!-- Generated by org.testng.reporters.JUnitXMLReporter -->
<testsuite ignored="0" hostname="LAPTOP-FGBCASBF" failures="0" tests="3" name="Test-1" time="25.438" errors="0" timestamp="2024-10-07T16:01:54 IST">
  <testcase classname="com.pac1.ContactTestScript" name="contactTest2" time="3.695"/>
  <testcase classname="com.pac1.ContactTestScript" name="reateOrganization" time="3.421"/>
  <testcase classname="com.pac1.ContactTestScript" name="teContact" time="8.567"/>
</testsuite> <!-- Test-1 -->
