<?xml version="1.0" encoding="UTF-8"?>
<!-- Generated by org.testng.reporters.JUnitXMLReporter -->
<testsuite ignored="0" hostname="LAPTOP-FGBCASBF" failures="0" tests="2" name="Test-2" time="0.05" errors="0" timestamp="2024-10-07T16:01:29 IST">
  <testcase classname="com.pac2.CreateorgTest" name="CreateOrgwithIndustry" time="0.007"/>
  <testcase classname="com.pac2.CreateorgTest" name="createorgtest" time="0.002"/>
</testsuite> <!-- Test-2 -->
