<?xml version="1.0" encoding="UTF-8"?>
<!-- Generated by org.testng.reporters.JUnitReportReporter -->
<testsuite hostname="LAPTOP-FGBCASBF" failures="0" tests="3" name="TestNG.Contact_Test" time="0.016" errors="0" timestamp="2024-09-30T17:34:41 IST" skipped="0">
  <testcase classname="TestNG.Contact_Test" name="CreateContactTest" time="0.013"/>
  <testcase classname="TestNG.Contact_Test" name="modifyContactTest" time="0.001"/>
  <testcase classname="TestNG.Contact_Test" name="deleteContactTest" time="0.002"/>
</testsuite> <!-- TestNG.Contact_Test -->
