<?xml version="1.0" encoding="UTF-8"?>
<!-- Generated by org.testng.reporters.JUnitReportReporter -->
<testsuite hostname="LAPTOP-FGBCASBF" failures="0" tests="3" name="TestNG.CreateContactTest" time="0.019" errors="0" timestamp="2024-09-30T15:14:46 IST" skipped="0">
  <testcase classname="TestNG.CreateContactTest" name="createConatctTest" time="0.001"/>
  <testcase classname="TestNG.CreateContactTest" name="CreatecontactTest" time="0.016"/>
  <testcase classname="TestNG.CreateContactTest" name="NaviagteToContact" time="0.002"/>
</testsuite> <!-- TestNG.CreateContactTest -->
