<?xml version="1.0" encoding="UTF-8"?>
<!-- Generated by org.testng.reporters.JUnitReportReporter -->
<testsuite hostname="LAPTOP-FGBCASBF" failures="0" tests="1" name="com.comcast.crm.contacttest.ContactTestScript" time="7.186" errors="0" timestamp="2024-10-07T12:44:54 IST" skipped="0">
  <testcase classname="com.comcast.crm.contacttest.ContactTestScript" name="contactTest2" time="7.186"/>
</testsuite> <!-- com.comcast.crm.contacttest.ContactTestScript -->
