<?xml version="1.0" encoding="UTF-8"?>
<!-- Generated by org.testng.reporters.JUnitReportReporter -->
<testsuite hostname="LAPTOP-FGBCASBF" failures="0" tests="1" name="com.pac1.SampleTestScreenShot" time="9.245" errors="0" timestamp="2024-10-28T16:26:08 IST" skipped="0">
  <testcase classname="com.pac1.SampleTestScreenShot" name="amazonTest" time="9.245"/>
</testsuite> <!-- com.pac1.SampleTestScreenShot -->
