<?xml version="1.0" encoding="UTF-8"?>
<!-- Generated by org.testng.reporters.JUnitReportReporter -->
<testsuite hostname="LAPTOP-FGBCASBF" failures="0" tests="2" name="TestNG.ContactTest" time="0.011" errors="0" timestamp="2024-09-30T15:17:35 IST" skipped="0">
  <testcase classname="TestNG.ContactTest" name="createcontactwithMoblieNumberTest" time="0.001"/>
  <testcase classname="TestNG.ContactTest" name="CreateConatctTest" time="0.010"/>
</testsuite> <!-- TestNG.ContactTest -->
