<?xml version="1.0" encoding="UTF-8"?>
<!-- Generated by org.testng.reporters.JUnitReportReporter -->
<testsuite hostname="LAPTOP-FGBCASBF" failures="0" tests="2" name="practice.homeTest.HomePageSampleTest" time="0.013" errors="0" timestamp="2024-10-18T11:20:55 IST" skipped="0">
  <testcase classname="practice.homeTest.HomePageSampleTest" name="homePageTest" time="0.002">
    <system-out>
      <![CDATA[null
homePageTestTest Start
step-1
step-2
step-3
step-4
homePageTestTest End]]>
    </system-out>
  </testcase> <!-- homePageTest -->
  <testcase classname="practice.homeTest.HomePageSampleTest" name="VerifyLogoHomePageTest" time="0.011">
    <system-out>
      <![CDATA[VerifyLogoHomePageTestTest Start
step-1
step-2
step-3
step-4]]>
    </system-out>
  </testcase> <!-- VerifyLogoHomePageTest -->
  <system-out>
    <![CDATA[VerifyLogoHomePageTestTest Start
step-1
step-2
step-3
step-4
null
homePageTestTest Start
step-1
step-2
step-3
step-4
homePageTestTest End]]>
  </system-out>
</testsuite> <!-- practice.homeTest.HomePageSampleTest -->
