<?xml version="1.0" encoding="UTF-8"?>
<!-- Generated by org.testng.reporters.JUnitReportReporter -->
<testsuite hostname="LAPTOP-FGBCASBF" failures="0" tests="3" name="practice.pom.repository.ReadDataMutipuleData" time="0.013" errors="0" timestamp="2025-01-31T10:28:47 IST" skipped="0">
  <testcase classname="practice.pom.repository.ReadDataMutipuleData" name="ReadDataMutipuleData1" time="0.001"/>
  <testcase classname="practice.pom.repository.ReadDataMutipuleData" name="ReadDataMutipuleData1" time="0.004"/>
  <testcase classname="practice.pom.repository.ReadDataMutipuleData" name="ReadDataMutipuleData1" time="0.008"/>
</testsuite> <!-- practice.pom.repository.ReadDataMutipuleData -->
