<?xml version="1.0" encoding="UTF-8"?>
<!-- Generated by org.testng.reporters.JUnitReportReporter -->
<testsuite hostname="LAPTOP-FGBCASBF" failures="0" tests="2" name="TestNG.SampleTest" time="0.012" errors="0" timestamp="2024-09-30T14:46:01 IST" skipped="0">
  <testcase classname="TestNG.SampleTest" name="createcontactwithMoblieNumberTest" time="0.002"/>
  <testcase classname="TestNG.SampleTest" name="CreateConatctTest" time="0.010"/>
</testsuite> <!-- TestNG.SampleTest -->
