<?xml version="1.0" encoding="UTF-8"?>
<!-- Generated by org.testng.reporters.JUnitReportReporter -->
<testsuite hostname="LAPTOP-FGBCASBF" failures="0" tests="3" name="Pratice.test.SampleReportTest" time="0.017" errors="0" timestamp="2024-10-18T17:58:49 IST" skipped="0">
  <testcase classname="Pratice.test.SampleReportTest" name="createContactTest" time="0.013"/>
  <testcase classname="Pratice.test.SampleReportTest" name="createContactWithPhoneNumber" time="0.002"/>
  <testcase classname="Pratice.test.SampleReportTest" name="createContactWithORG" time="0.002"/>
</testsuite> <!-- Pratice.test.SampleReportTest -->
