<?xml version="1.0" encoding="UTF-8"?>
<!-- Generated by org.testng.reporters.JUnitReportReporter -->
<testsuite hostname="LAPTOP-FGBCASBF" failures="0" tests="2" name="practice.homeTest.HomePageVerificationTest" time="7.706" errors="0" timestamp="2024-10-08T12:54:31 IST" skipped="0">
  <testcase classname="practice.homeTest.HomePageVerificationTest" name="homePageTest" time="3.288"/>
  <testcase classname="practice.homeTest.HomePageVerificationTest" name="VerifyLogoHomePageTest" time="4.418"/>
</testsuite> <!-- practice.homeTest.HomePageVerificationTest -->
