<?xml version="1.0" encoding="UTF-8"?>
<!-- Generated by org.testng.reporters.JUnitReportReporter -->
<testsuite hostname="LAPTOP-FGBCASBF" failures="0" tests="4" name="TestNG.CreateContact_DP_Test" time="0.013" errors="0" timestamp="2024-10-04T16:34:52 IST" skipped="0">
  <testcase classname="TestNG.CreateContact_DP_Test" name="CreateContactTest" time="0.008"/>
  <testcase classname="TestNG.CreateContact_DP_Test" name="CreateContactTest" time="0.002"/>
  <testcase classname="TestNG.CreateContact_DP_Test" name="CreateContactTest" time="0.002"/>
  <testcase classname="TestNG.CreateContact_DP_Test" name="CreateContactTest" time="0.001"/>
</testsuite> <!-- TestNG.CreateContact_DP_Test -->
