<?xml version="1.0" encoding="UTF-8"?>
<!-- Generated by org.testng.reporters.JUnitReportReporter -->
<testsuite hostname="LAPTOP-FGBCASBF" failures="0" tests="4" name="TestNG.CreateContact_DP_Test" time="0.015" errors="0" timestamp="2025-01-31T10:16:03 IST" skipped="0">
  <testcase classname="TestNG.CreateContact_DP_Test" name="CreateContactTest" time="0.008"/>
  <testcase classname="TestNG.CreateContact_DP_Test" name="CreateContactTest" time="0.002"/>
  <testcase classname="TestNG.CreateContact_DP_Test" name="CreateContactTest" time="0.003"/>
  <testcase classname="TestNG.CreateContact_DP_Test" name="CreateContactTest" time="0.002"/>
</testsuite> <!-- TestNG.CreateContact_DP_Test -->
