<?xml version="1.0" encoding="UTF-8"?>
<!-- Generated by org.testng.reporters.JUnitReportReporter -->
<testsuite hostname="LAPTOP-FGBCASBF" failures="0" tests="1" name="com.pac2.CreateorgTest" time="0.005" errors="0" timestamp="2024-10-08T15:28:44 IST" skipped="0">
  <testcase classname="com.pac2.CreateorgTest" name="createorgtest" time="0.005"/>
</testsuite> <!-- com.pac2.CreateorgTest -->
