<?xml version="1.0" encoding="UTF-8"?>
<!-- Generated by org.testng.reporters.JUnitReportReporter -->
<testsuite hostname="LAPTOP-FGBCASBF" failures="0" tests="1" name="practice.pom.repository.SampleTestWithtPom" time="14.899" errors="0" timestamp="2024-09-26T11:36:44 IST" skipped="0">
  <testcase classname="practice.pom.repository.SampleTestWithtPom" name="sampleTest" time="14.899"/>
</testsuite> <!-- practice.pom.repository.SampleTestWithtPom -->
