<?xml version="1.0" encoding="UTF-8"?>
<!-- Generated by org.testng.reporters.JUnitReportReporter -->
<testsuite hostname="LAPTOP-FGBCASBF" failures="0" tests="11" name="TestNG.OrderTest" time="0.025" errors="0" timestamp="2024-10-01T17:23:20 IST" skipped="1">
  <testcase classname="TestNG.OrderTest" name="CreateOrderTest" time="0.003"/>
  <testcase classname="TestNG.OrderTest" name="CreateOrderTest" time="0.001"/>
  <testcase classname="TestNG.OrderTest" name="CreateOrderTest" time="0.002"/>
  <testcase classname="TestNG.OrderTest" name="CreateOrderTest" time="0.001"/>
  <testcase classname="TestNG.OrderTest" name="CreateOrderTest" time="0.009"/>
  <testcase classname="TestNG.OrderTest" name="CreateOrderTest" time="0.002"/>
  <testcase classname="TestNG.OrderTest" name="CreateOrderTest" time="0.001"/>
  <testcase classname="TestNG.OrderTest" name="CreateOrderTest" time="0.001"/>
  <testcase classname="TestNG.OrderTest" name="CreateOrderTest" time="0.002"/>
  <testcase classname="TestNG.OrderTest" name="CreateOrderTest" time="0.003"/>
  <testcase classname="TestNG.OrderTest" name="bliingAnOrderTest">
    <skipped/>
  </testcase> <!-- bliingAnOrderTest -->
</testsuite> <!-- TestNG.OrderTest -->
