<?xml version="1.0" encoding="UTF-8"?>
<!-- Generated by org.testng.reporters.JUnitReportReporter -->
<testsuite hostname="LAPTOP-FGBCASBF" failures="0" tests="1" name="practice.homeTest.Assestion_homePage" time="4.230" errors="0" timestamp="2024-10-29T13:25:37 IST" skipped="0">
  <testcase classname="practice.homeTest.Assestion_homePage" name="homePageTest" time="4.230"/>
</testsuite> <!-- practice.homeTest.Assestion_homePage -->
