<?xml version="1.0" encoding="UTF-8"?>
<!-- Generated by org.testng.reporters.JUnitReportReporter -->
<testsuite hostname="LAPTOP-FGBCASBF" failures="0" tests="4" name="com.pac1.CreateContactTestCase" time="0.053" errors="0" timestamp="2024-10-07T17:33:55 IST" skipped="0">
  <testcase classname="com.pac1.CreateContactTestCase" name="createContact" time="0.012"/>
  <testcase classname="com.pac1.CreateContactTestCase" name="CreateContactWithDate" time="0.015"/>
  <testcase classname="com.pac1.CreateContactTestCase" name="CreateContactWithDate" time="0.016"/>
  <testcase classname="com.pac1.CreateContactTestCase" name="createContact" time="0.010"/>
</testsuite> <!-- com.pac1.CreateContactTestCase -->
