<?xml version="1.0" encoding="UTF-8"?>
<!-- Generated by org.testng.reporters.JUnitReportReporter -->
<testsuite hostname="LAPTOP-FGBCASBF" failures="0" tests="2" name="com.pac2.CreateorgTest" time="5.845" errors="0" timestamp="2025-01-08T14:49:38 IST" skipped="0">
  <testcase classname="com.pac2.CreateorgTest" name="createorgtest" time="2.539"/>
  <testcase classname="com.pac2.CreateorgTest" name="CreateOrgwithIndustry" time="3.306"/>
</testsuite> <!-- com.pac2.CreateorgTest -->
