<?xml version="1.0" encoding="UTF-8"?>
<!-- Generated by org.testng.reporters.JUnitReportReporter -->
<testsuite hostname="LAPTOP-FGBCASBF" failures="0" tests="1" name="com.pac1.ContactTestScript" time="13.808" errors="0" timestamp="2024-10-29T17:12:24 IST" skipped="0">
  <testcase classname="com.pac1.ContactTestScript" name="contactTest2" time="13.808"/>
</testsuite> <!-- com.pac1.ContactTestScript -->
